Build started 9/11/2015 11:07:34 AM.
     1>Project "C:\Users\Nikita\Documents\Visual Studio 2015\Projects\HuffmanCompress\HuffmanCompress\HuffmanCompress.vcxproj" on node 2 (Build target(s)).
     1>ClCompile:
         C:\Program Files (x86)\Microsoft Visual Studio 14.0\VC\bin\CL.exe /c /Zi /nologo /W3 /WX- /sdl /O2 /Oi /Oy- /GL /D _MBCS /Gm- /EHsc /MD /GS /Gy /fp:precise /Zc:wchar_t /Zc:forScope /Zc:inline /Fo"Release\\" /Fd"Release\vc140.pdb" /Gd /TP /analyze- /errorReport:prompt Program.cpp
         Program.cpp
     1>Program.cpp(77): warning C4554: '>>': check operator precedence for possible error; use parentheses to clarify precedence
     1>Program.cpp(97): warning C4554: '<<': check operator precedence for possible error; use parentheses to clarify precedence
     1>Program.cpp(98): warning C4554: '<<': check operator precedence for possible error; use parentheses to clarify precedence
     1>Program.cpp(144): warning C4244: 'initializing': conversion from 'std::streamoff' to 'size_t', possible loss of data
       Link:
         C:\Program Files (x86)\Microsoft Visual Studio 14.0\VC\bin\link.exe /ERRORREPORT:PROMPT /OUT:"C:\Users\Nikita\Documents\Visual Studio 2015\Projects\HuffmanCompress\Release\HuffmanCompress.exe" /NOLOGO kernel32.lib user32.lib gdi32.lib winspool.lib comdlg32.lib advapi32.lib shell32.lib ole32.lib oleaut32.lib uuid.lib odbc32.lib odbccp32.lib /MANIFEST /MANIFESTUAC:"level='asInvoker' uiAccess='false'" /manifest:embed /Debug /PDB:"C:\Users\Nikita\Documents\Visual Studio 2015\Projects\HuffmanCompress\Release\HuffmanCompress.pdb" /OPT:REF /OPT:ICF /LTCG:incremental /TLBID:1 /DYNAMICBASE /NXCOMPAT /IMPLIB:"C:\Users\Nikita\Documents\Visual Studio 2015\Projects\HuffmanCompress\Release\HuffmanCompress.lib" /MACHINE:X86 /SAFESEH Release\Program.obj
         Generating code
         9 of 1004 functions ( 0.9%) were compiled, the rest were copied from previous compilation.
           0 functions were new in current compilation
           2 functions had inline decision re-evaluated but remain unchanged
         Finished generating code
         HuffmanCompress.vcxproj -> C:\Users\Nikita\Documents\Visual Studio 2015\Projects\HuffmanCompress\Release\HuffmanCompress.exe
     1>Done Building Project "C:\Users\Nikita\Documents\Visual Studio 2015\Projects\HuffmanCompress\HuffmanCompress\HuffmanCompress.vcxproj" (Build target(s)).

Build succeeded.

Time Elapsed 00:00:03.03
