Build started 10/31/2015 6:37:20 PM.
     1>Project "C:\Users\Nikita\SkyDrive\Documents\ITMO\Course 2\Computational_mathematics\Comp.Math(Labs 1-5)\Comp.Math(Labs 1-5)\Comp.Math(Labs 1-5).vcxproj" on node 2 (Build target(s)).
     1>ClCompile:
         C:\Program Files (x86)\Microsoft Visual Studio 14.0\VC\bin\CL.exe /c /I"C:\Users\Nikita\SkyDrive\Documents\ITMO\Course 2\Computational_mathematics\Comp.Math(Labs 1-5)\Comp.Math(Labs 1-5)\Headers" /Zi /nologo /W3 /WX- /sdl /O2 /Oi /Oy- /GL /D WIN32 /D NDEBUG /D _CONSOLE /D _UNICODE /D UNICODE /Gm- /EHsc /MD /GS /Gy /fp:precise /Zc:wchar_t /Zc:forScope /Zc:inline /Fo"Release\\" /Fd"Release\vc140.pdb" /Gd /TP /analyze- /errorReport:prompt Main.cpp
         Main.cpp
     1>Main.cpp(28): warning C4018: '<': signed/unsigned mismatch
     1>Main.cpp(45): warning C4018: '<': signed/unsigned mismatch
     1>Main.cpp(49): warning C4018: '<': signed/unsigned mismatch
     1>Main.cpp(52): warning C4244: '=': conversion from 'double' to 'float', possible loss of data
     1>Main.cpp(65): warning C4018: '<': signed/unsigned mismatch
     1>Main.cpp(80): warning C4018: '<': signed/unsigned mismatch
     1>Main.cpp(84): warning C4018: '<': signed/unsigned mismatch
     1>Main.cpp(87): warning C4244: '=': conversion from 'double' to 'float', possible loss of data
     1>Main.cpp(125): warning C4244: 'argument': conversion from 'size_t' to 'float', possible loss of data
     1>Main.cpp(140): warning C4244: 'argument': conversion from 'size_t' to 'float', possible loss of data
     1>Main.cpp(145): warning C4244: 'argument': conversion from 'size_t' to 'float', possible loss of data
     1>Main.cpp(148): warning C4305: 'argument': truncation from 'double' to 'float'
     1>Main.cpp(168): warning C4305: 'initializing': truncation from 'double' to 'float'
     1>Main.cpp(287): warning C4018: '<': signed/unsigned mismatch
     1>Main.cpp(292): warning C4018: '<': signed/unsigned mismatch
     1>Main.cpp(293): warning C4018: '<': signed/unsigned mismatch
     1>Main.cpp(298): warning C4018: '<': signed/unsigned mismatch
     1>Main.cpp(311): warning C4018: '<': signed/unsigned mismatch
     1>Main.cpp(315): warning C4018: '<': signed/unsigned mismatch
     1>Main.cpp(386): warning C4244: 'argument': conversion from 'double' to 'float', possible loss of data
       Link:
         C:\Program Files (x86)\Microsoft Visual Studio 14.0\VC\bin\link.exe /ERRORREPORT:PROMPT /OUT:"C:\Users\Nikita\SkyDrive\Documents\ITMO\Course 2\Computational_mathematics\Comp.Math(Labs 1-5)\Release\Comp.Math(Labs 1-5).exe" /INCREMENTAL:NO /NOLOGO kernel32.lib user32.lib gdi32.lib winspool.lib comdlg32.lib advapi32.lib shell32.lib ole32.lib oleaut32.lib uuid.lib odbc32.lib odbccp32.lib /MANIFEST /MANIFESTUAC:"level='asInvoker' uiAccess='false'" /manifest:embed /Debug /PDB:"C:\Users\Nikita\SkyDrive\Documents\ITMO\Course 2\Computational_mathematics\Comp.Math(Labs 1-5)\Release\Comp.Math(Labs 1-5).pdb" /SUBSYSTEM:CONSOLE /OPT:REF /OPT:ICF /LTCG:incremental /TLBID:1 /DYNAMICBASE /NXCOMPAT /IMPLIB:"C:\Users\Nikita\SkyDrive\Documents\ITMO\Course 2\Computational_mathematics\Comp.Math(Labs 1-5)\Release\Comp.Math(Labs 1-5).lib" /MACHINE:X86 /SAFESEH Release\Main.obj
         Generating code
         26 of 408 functions ( 6.4%) were compiled, the rest were copied from previous compilation.
           0 functions were new in current compilation
           0 functions had inline decision re-evaluated but remain unchanged
         Finished generating code
         Comp.Math(Labs 1-5).vcxproj -> C:\Users\Nikita\SkyDrive\Documents\ITMO\Course 2\Computational_mathematics\Comp.Math(Labs 1-5)\Release\Comp.Math(Labs 1-5).exe
     1>Done Building Project "C:\Users\Nikita\SkyDrive\Documents\ITMO\Course 2\Computational_mathematics\Comp.Math(Labs 1-5)\Comp.Math(Labs 1-5)\Comp.Math(Labs 1-5).vcxproj" (Build target(s)).

Build succeeded.

Time Elapsed 00:00:07.10
