Build started 10/18/2015 11:04:23 PM.
     1>Project "C:\Users\Nikita\SkyDrive\Documents\ITMO\Course 2\Computational_mathematics\Comp.Math(Labs 1-5)\Comp.Math(Labs 1-5)\Comp.Math(Labs 1-5).vcxproj" on node 2 (Build target(s)).
     1>ClCompile:
         C:\Program Files (x86)\Microsoft Visual Studio 14.0\VC\bin\CL.exe /c /ZI /nologo /W3 /WX- /sdl /Od /Oy- /D WIN32 /D _DEBUG /D _CONSOLE /D _UNICODE /D UNICODE /Gm /EHsc /RTC1 /MDd /GS /fp:precise /Zc:wchar_t /Zc:forScope /Zc:inline /Fo"Debug\\" /Fd"Debug\vc140.pdb" /Gd /TP /analyze- /errorReport:prompt Main.cpp
         Main.cpp
     1>c:\users\nikita\skydrive\documents\itmo\course 2\computational_mathematics\comp.math(labs 1-5)\comp.math(labs 1-5)\main.cpp(26): warning C4018: '<': signed/unsigned mismatch
     1>c:\users\nikita\skydrive\documents\itmo\course 2\computational_mathematics\comp.math(labs 1-5)\comp.math(labs 1-5)\main.cpp(43): warning C4018: '<': signed/unsigned mismatch
     1>c:\users\nikita\skydrive\documents\itmo\course 2\computational_mathematics\comp.math(labs 1-5)\comp.math(labs 1-5)\main.cpp(47): warning C4018: '<': signed/unsigned mismatch
     1>c:\users\nikita\skydrive\documents\itmo\course 2\computational_mathematics\comp.math(labs 1-5)\comp.math(labs 1-5)\main.cpp(50): warning C4244: '=': conversion from 'double' to 'float', possible loss of data
     1>c:\users\nikita\skydrive\documents\itmo\course 2\computational_mathematics\comp.math(labs 1-5)\comp.math(labs 1-5)\main.cpp(94): warning C4244: 'initializing': conversion from 'float' to 'int', possible loss of data
     1>c:\users\nikita\skydrive\documents\itmo\course 2\computational_mathematics\comp.math(labs 1-5)\comp.math(labs 1-5)\main.cpp(110): warning C4305: 'initializing': truncation from 'double' to 'float'
     1>c:\users\nikita\skydrive\documents\itmo\course 2\computational_mathematics\comp.math(labs 1-5)\comp.math(labs 1-5)\main.cpp(183): warning C4018: '<': signed/unsigned mismatch
     1>c:\users\nikita\skydrive\documents\itmo\course 2\computational_mathematics\comp.math(labs 1-5)\comp.math(labs 1-5)\main.cpp(188): warning C4018: '<': signed/unsigned mismatch
     1>c:\users\nikita\skydrive\documents\itmo\course 2\computational_mathematics\comp.math(labs 1-5)\comp.math(labs 1-5)\main.cpp(189): warning C4018: '<': signed/unsigned mismatch
     1>c:\users\nikita\skydrive\documents\itmo\course 2\computational_mathematics\comp.math(labs 1-5)\comp.math(labs 1-5)\main.cpp(194): warning C4018: '<': signed/unsigned mismatch
     1>c:\users\nikita\skydrive\documents\itmo\course 2\computational_mathematics\comp.math(labs 1-5)\comp.math(labs 1-5)\main.cpp(207): warning C4018: '<': signed/unsigned mismatch
     1>c:\users\nikita\skydrive\documents\itmo\course 2\computational_mathematics\comp.math(labs 1-5)\comp.math(labs 1-5)\main.cpp(211): warning C4018: '<': signed/unsigned mismatch
       Link:
         C:\Program Files (x86)\Microsoft Visual Studio 14.0\VC\bin\link.exe /ERRORREPORT:PROMPT /OUT:"C:\Users\Nikita\SkyDrive\Documents\ITMO\Course 2\Computational_mathematics\Comp.Math(Labs 1-5)\Debug\Comp.Math(Labs 1-5).exe" /INCREMENTAL /NOLOGO kernel32.lib user32.lib gdi32.lib winspool.lib comdlg32.lib advapi32.lib shell32.lib ole32.lib oleaut32.lib uuid.lib odbc32.lib odbccp32.lib /MANIFEST /MANIFESTUAC:"level='asInvoker' uiAccess='false'" /manifest:embed /Debug /PDB:"C:\Users\Nikita\SkyDrive\Documents\ITMO\Course 2\Computational_mathematics\Comp.Math(Labs 1-5)\Debug\Comp.Math(Labs 1-5).pdb" /SUBSYSTEM:CONSOLE /TLBID:1 /DYNAMICBASE /NXCOMPAT /IMPLIB:"C:\Users\Nikita\SkyDrive\Documents\ITMO\Course 2\Computational_mathematics\Comp.Math(Labs 1-5)\Debug\Comp.Math(Labs 1-5).lib" /MACHINE:X86 Debug\Main.obj
         Comp.Math(Labs 1-5).vcxproj -> C:\Users\Nikita\SkyDrive\Documents\ITMO\Course 2\Computational_mathematics\Comp.Math(Labs 1-5)\Debug\Comp.Math(Labs 1-5).exe
     1>Done Building Project "C:\Users\Nikita\SkyDrive\Documents\ITMO\Course 2\Computational_mathematics\Comp.Math(Labs 1-5)\Comp.Math(Labs 1-5)\Comp.Math(Labs 1-5).vcxproj" (Build target(s)).

Build succeeded.

Time Elapsed 00:00:02.40
